usage: train.py [-h] [-c CONFIG] [-r RESUME] [-d DEVICE] [--lr LR] [--bs BS]
                [--name NAME] [--epochs EPOCHS] [--step1 STEP1]
                [--step2 STEP2] [--warmup WARMUP] [--gamma GAMMA]
                [--save_period SAVE_PERIOD]
                [--reduce_dimension REDUCE_DIMENSION]
                [--layer2_dimension LAYER2_DIMENSION]
                [--layer3_dimension LAYER3_DIMENSION]
                [--layer4_dimension LAYER4_DIMENSION]
                [--num_experts NUM_EXPERTS]
                [--distribution_aware_diversity_factor DISTRIBUTION_AWARE_DIVERSITY_FACTOR]
                [--pos_weight POS_WEIGHT]
                [--collaborative_loss COLLABORATIVE_LOSS]
                [--distill_checkpoint DISTILL_CHECKPOINT]
train.py: error: argument -d/--device: expected one argument
usage: train.py [-h] [-c CONFIG] [-r RESUME] [-d DEVICE] [--lr LR] [--bs BS]
                [--name NAME] [--epochs EPOCHS] [--step1 STEP1]
                [--step2 STEP2] [--warmup WARMUP] [--gamma GAMMA]
                [--save_period SAVE_PERIOD]
                [--reduce_dimension REDUCE_DIMENSION]
                [--layer2_dimension LAYER2_DIMENSION]
                [--layer3_dimension LAYER3_DIMENSION]
                [--layer4_dimension LAYER4_DIMENSION]
                [--num_experts NUM_EXPERTS]
                [--distribution_aware_diversity_factor DISTRIBUTION_AWARE_DIVERSITY_FACTOR]
                [--pos_weight POS_WEIGHT]
                [--collaborative_loss COLLABORATIVE_LOSS]
                [--distill_checkpoint DISTILL_CHECKPOINT]
train.py: error: argument -d/--device: expected one argument
